1	["w", [0.96735604000000031, -0.048355940000000021]]
1	["t", 2]
1	["x", 178]
1	["x", 135]
1	["x", 149]
1	["x", 23]
1	["x", 101]
1	["x", 7]
1	["x", 131]
1	["x", 152]
1	["x", 162]
1	["x", 50]
1	["x", 181]
1	["x", 184]
1	["x", 165]
1	["x", 39]
1	["x", 93]
1	["x", 22]
1	["x", 68]
1	["x", 15]
1	["x", 51]
1	["x", 110]
1	["x", 72]
1	["x", 81]
1	["x", 189]
1	["x", 22]
1	["x", 60]
1	["x", 37]
1	["x", 171]
1	["x", 48]
1	["x", 20]
1	["x", 199]
1	["x", 24]
1	["x", 53]
1	["x", 198]
1	["x", 17]
1	["x", 171]
1	["x", 122]
1	["x", 87]
1	["x", 71]
1	["x", 191]
1	["x", 119]
1	["x", 21]
1	["x", 115]
1	["x", 162]
1	["x", 5]
1	["x", 182]
1	["x", 195]
1	["x", 49]
1	["x", 11]
1	["x", 109]
1	["x", 113]
1	["x", 161]
1	["x", 109]
1	["x", 128]
1	["x", 199]
1	["x", 9]
1	["x", 81]
1	["x", 61]
1	["x", 35]
1	["x", 116]
1	["x", 43]
1	["x", 125]
1	["x", 161]
1	["x", 158]
1	["x", 136]
1	["x", 168]
1	["x", 164]
1	["x", 177]
1	["x", 10]
1	["x", 20]
1	["x", 166]
1	["x", 25]
1	["x", 43]
1	["x", 182]
1	["x", 19]
1	["x", 4]
1	["x", 60]
1	["x", 32]
1	["x", 166]
1	["x", 52]
1	["x", 60]
1	["x", 133]
1	["x", 143]
1	["x", 125]
1	["x", 46]
1	["x", 32]
1	["x", 12]
1	["x", 138]
1	["x", 184]
1	["x", 167]
1	["x", 165]
1	["x", 161]
1	["x", 40]
1	["x", 99]
1	["x", 22]
1	["x", 41]
1	["x", 192]
1	["x", 47]
1	["x", 152]
1	["x", 177]
1	["x", 125]
